#
# A fatal error has been detected by the Java Runtime Environment:
#
#  EXCEPTION_ACCESS_VIOLATION (0xc0000005) at pc=0x00007ffd415f63b7, pid=9880, tid=668
#
# JRE version: Java(TM) SE Runtime Environment (19.0.2+7) (build 19.0.2+7-44)
# Java VM: Java HotSpot(TM) 64-Bit Server VM (19.0.2+7-44, mixed mode, sharing, tiered, compressed oops, compressed class ptrs, g1 gc, windows-amd64)
# Problematic frame:
# C  [glass.dll+0x263b7]
#
# No core dump will be written. Minidumps are not enabled by default on client versions of Windows
#
# If you would like to submit a bug report, please visit:
#   https://bugreport.java.com/bugreport/crash.jsp
#

---------------  S U M M A R Y ------------

Command Line: -javaagent:C:\Users\Альбина\AppData\Local\JetBrains\Toolbox\apps\IDEA-C\ch-0\233.11799.300\lib\idea_rt.jar=55585:C:\Users\Альбина\AppData\Local\JetBrains\Toolbox\apps\IDEA-C\ch-0\233.11799.300\bin -Dfile.encoding=UTF-8 -Dsun.stdout.encoding=UTF-8 -Dsun.stderr.encoding=UTF-8 --module-path=C:\Users\Альбина\.m2\repository\org\openjfx\javafx-base\19\javafx-base-19-win.jar;C:\Users\Альбина\.m2\repository\org\openjfx\javafx-base\18\javafx-base-18-win.jar;C:\Users\Альбина\.m2\repository\net\synedra\validatorfx\0.4.0\validatorfx-0.4.0.jar;C:\Users\Альбина\.m2\repository\com\github\almasb\fxgl-core\17.2\fxgl-core-17.2.jar;C:\Users\Альбина\IdeaProjects\TasckPractice\target\classes;C:\Users\Альбина\.m2\repository\org\openjfx\javafx-controls\19\javafx-controls-19-win.jar;C:\Users\Альбина\.m2\repository\org\kordamp\ikonli\ikonli-core\12.3.1\ikonli-core-12.3.1.jar;C:\Users\Альбина\.m2\repository\com\gluonhq\attach\lifecycle\4.0.13\lifecycle-4.0.13.jar;C:\Users\Альбина\.m2\repository\org\openjfx\javafx-web\19\javafx-web-19-win.jar;C:\Users\Альбина\.m2\repository\com\gluonhq\attach\audio\4.0.13\audio-4.0.13.jar;C:\Users\Альбина\.m2\repository\eu\hansolo\tilesfx\17.1.15\tilesfx-17.1.15.jar;C:\Users\Альбина\.m2\repository\com\github\almasb\fxgl-scene\17.2\fxgl-scene-17.2.jar;C:\Users\Альбина\.m2\repository\eu\hansolo\fx\countries\17.0.23\countries-17.0.23.jar;C:\Users\Альбина\.m2\repository\eu\hansolo\fx\heatmap\17.0.12\heatmap-17.0.12.jar;C:\Users\Альбина\.m2\repository\com\dlsc\formsfx\formsfx-core\11.5.0\formsfx-core-11.5.0.jar;C:\Users\Альбина\.m2\repository\org\openjfx\javafx-graphics\19\javafx-graphics-19-win.jar;C:\Users\Альбина\.m2\repository\org\openjfx\javafx-graphics\18\javafx-graphics-18-win.jar;C:\Users\Альбина\.m2\repository\com\github\almasb\fxgl\17.2\fxgl-17.2.jar;C:\Users\Альбина\.m2\repository\org\openjfx\javafx-swing\18\javafx-swing-18-win.jar;C:\Users\Альбина\.m2\repository\com\github\almasb\fxgl-gameplay\17.2\fxgl-gameplay-17.2.jar;C:\Users\Альбина\.m2\repository\com\fasterxml\jackson\core\jackson-databind\2.12.1\jackson-databind-2.12.1.jar;C:\Users\Альбина\.m2\repository\com\github\almasb\fxgl-io\17.2\fxgl-io-17.2.jar;C:\Users\Альбина\.m2\repository\org\jetbrains\kotlin\kotlin-stdlib\1.6.0\kotlin-stdlib-1.6.0-modular.jar;C:\Users\-Djdk.module.main=com.example.tasckpractice com.example.tasckpractice/com.example.tasckpractice.Applicat

Host: Intel(R) Pentium(R) CPU  N3540  @ 2.16GHz, 4 cores, 7G,  Windows 10 , 64 bit Build 17763 (10.0.17763.4974)
Time: Tue Dec 19 01:29:04 2023 RTZ 2 (зима) elapsed time: 634.789442 seconds (0d 0h 10m 34s)

---------------  T H R E A D  ---------------

Current thread (0x000001ed51069ef0):  VMThread "VM Thread" [stack: 0x0000004a5b100000,0x0000004a5b200000] [id=668]

Stack: [0x0000004a5b100000,0x0000004a5b200000],  sp=0x0000004a5b1fede0,  free space=1019k
Native frames: (J=compiled Java code, j=interpreted, Vv=VM code, C=native code)
C  [glass.dll+0x263b7]


siginfo: EXCEPTION_ACCESS_VIOLATION (0xc0000005), reading address 0x0000000000000000


Registers:
RAX=0x0000000000000000, RBX=0x000001ed51071d18, RCX=0x000001ed51069ef0, RDX=0x0000004a5b1fede0
RSP=0x0000004a5b1fede0, RBP=0x000001ed561fb7b8, RSI=0x000001ed561fb790, RDI=0x00006e4ae237e826
R8 =0x0000000000010002, R9 =0x00006e4ae237e826, R10=0x000001ed31240000, R11=0x0000004a5b1fece0
R12=0x00007ffd415f3cf0, R13=0x00007ffd1aee72a0, R14=0x0000004a5b1feed8, R15=0x000001ed561fb790
RIP=0x00007ffd415f63b7, EFLAGS=0x0000000000010206


Register to memory mapping:

RIP=0x00007ffd415f63b7 glass.dll
RAX=0x0 is NULL
RBX=0x000001ed51071d18 is a global jni handle
RCX=0x000001ed51069ef0 points into unknown readable memory: 0x00007ffd1acf45c8 | c8 45 cf 1a fd 7f 00 00
RDX=0x0000004a5b1fede0 points into unknown readable memory: 0x0000000000000000 | 00 00 00 00 00 00 00 00
RSP=0x0000004a5b1fede0 points into unknown readable memory: 0x0000000000000000 | 00 00 00 00 00 00 00 00
RBP=0x000001ed561fb7b8 points into unknown readable memory: 0x00006e4ae237e826 | 26 e8 37 e2 4a 6e 00 00
RSI=0x000001ed561fb790 points into unknown readable memory: 0x57ce6c4ae2281776 | 76 17 28 e2 4a 6c ce 57
RDI=0x00006e4ae237e826 is an unknown value
R8 =0x0000000000010002 is an unknown value
R9 =0x00006e4ae237e826 is an unknown value
R10=0x000001ed31240000 points into unknown readable memory: 0x0000000000000000 | 00 00 00 00 00 00 00 00
R11=0x0000004a5b1fece0 points into unknown readable memory: 0x0000000000000000 | 00 00 00 00 00 00 00 00
R12=0x00007ffd415f3cf0 glass.dll
R13=0x00007ffd1aee72a0 jvm.dll
R14=0x0000004a5b1feed8 points into unknown readable memory: 0x0000004a5b1feec0 | c0 ee 1f 5b 4a 00 00 00
R15=0x000001ed561fb790 points into unknown readable memory: 0x57ce6c4ae2281776 | 76 17 28 e2 4a 6c ce 57


Top of Stack: (sp=0x0000004a5b1fede0)
0x0000004a5b1fede0:   0000000000000000 000001ed00000000
0x0000004a5b1fedf0:   000001ed561fb790 00007ffd416071a0
0x0000004a5b1fee00:   000001ed561fb798 00007ffd70731cf6
0x0000004a5b1fee10:   00006e4ae237e826 000001ed00000000
0x0000004a5b1fee20:   0000000000000001 00007ffd7072f114
0x0000004a5b1fee30:   fffffffffffffffe 0000000000000001
0x0000004a5b1fee40:   0000000000000001 00007ffd415d0000
0x0000004a5b1fee50:   0000004a5b1feec8 00007ffd70731c1b
0x0000004a5b1fee60:   0000000000000000 0000004a5b1feed8
0x0000004a5b1fee70:   0000004a5b1ff1b0 00007ffd7080c130
0x0000004a5b1fee80:   0000000000000001 00007ffd70731bd4
0x0000004a5b1fee90:   0000000000000000 0000000000000001
0x0000004a5b1feea0:   00007ffd6e384120 0000004a5b1feec8
0x0000004a5b1feeb0:   0000000000000000 00007ffd415f3b7d
0x0000004a5b1feec0:   00007ffd41609f88 00007ffd00000002
0x0000004a5b1feed0:   0000000000000002 0000004a5b1feec0 

Instructions: (pc=0x00007ffd415f63b7)
0x00007ffd415f62b7:   8b 4d 58 e8 7d cf ff ff 48 8b 4d 60 e8 74 cf ff
0x00007ffd415f62c7:   ff 48 8b 95 80 00 00 00 48 8b 8d 18 01 00 00 e8
0x00007ffd415f62d7:   66 c4 ff ff 33 d2 33 c9 e8 bc e1 ff ff 90 48 89
0x00007ffd415f62e7:   54 24 10 55 48 83 ec 20 48 8b ea 48 b8 00 00 00
0x00007ffd415f62f7:   00 00 00 00 00 48 83 c4 20 5d c3 cc 40 55 48 8b
0x00007ffd415f6307:   ea 48 8b 01 33 c9 81 38 05 00 00 c0 0f 94 c1 8b
0x00007ffd415f6317:   c1 5d c3 cc 40 55 48 83 ec 20 48 8b ea 8a 4d 40
0x00007ffd415f6327:   48 83 c4 20 5d e9 63 d3 ff ff cc 40 55 48 83 ec
0x00007ffd415f6337:   20 48 8b ea 8a 4d 20 e8 51 d3 ff ff 90 48 83 c4
0x00007ffd415f6347:   20 5d c3 cc 40 55 48 83 ec 20 48 8b ea 48 83 c4
0x00007ffd415f6357:   20 5d e9 b2 d1 ff ff cc 40 55 48 83 ec 30 48 8b
0x00007ffd415f6367:   ea 48 8b 01 8b 10 48 89 4c 24 28 89 54 24 20 4c
0x00007ffd415f6377:   8d 0d 53 d6 ff ff 4c 8b 45 70 8b 55 68 48 8b 4d
0x00007ffd415f6387:   60 e8 f3 d0 ff ff 90 48 83 c4 30 5d c3 cc cc cc
0x00007ffd415f6397:   cc cc cc cc cc cc cc cc cc 40 53 48 83 ec 20 48
0x00007ffd415f63a7:   8b 1d db 35 01 00 48 85 db 74 16 e8 79 8b ff ff
0x00007ffd415f63b7:   4c 8b 00 48 8b d3 48 8b c8 41 ff 90 b0 00 00 00
0x00007ffd415f63c7:   90 48 83 c4 20 5b c3 cc cc 40 53 48 83 ec 20 48
0x00007ffd415f63d7:   8b 1d 4b 37 01 00 48 85 db 74 57 b8 ff ff ff ff
0x00007ffd415f63e7:   f0 0f c1 43 10 83 f8 01 75 3d 48 85 db 74 38 48
0x00007ffd415f63f7:   8b 0b 48 85 c9 74 0d ff 15 a4 0e 00 00 48 c7 03
0x00007ffd415f6407:   00 00 00 00 48 8b 4b 08 48 85 c9 74 0d e8 23 ce
0x00007ffd415f6417:   ff ff 48 c7 43 08 00 00 00 00 ba 18 00 00 00 48
0x00007ffd415f6427:   8b cb e8 0e ce ff ff 48 c7 05 ef 36 01 00 00 00
0x00007ffd415f6437:   00 00 48 83 c4 20 5b c3 cc 40 53 48 83 ec 20 48
0x00007ffd415f6447:   8b 1d bb 36 01 00 48 85 db 74 57 b8 ff ff ff ff
0x00007ffd415f6457:   f0 0f c1 43 10 83 f8 01 75 3d 48 85 db 74 38 48
0x00007ffd415f6467:   8b 0b 48 85 c9 74 0d ff 15 34 0e 00 00 48 c7 03
0x00007ffd415f6477:   00 00 00 00 48 8b 4b 08 48 85 c9 74 0d e8 b3 cd
0x00007ffd415f6487:   ff ff 48 c7 43 08 00 00 00 00 ba 18 00 00 00 48
0x00007ffd415f6497:   8b cb e8 9e cd ff ff 48 c7 05 5f 36 01 00 00 00
0x00007ffd415f64a7:   00 00 48 83 c4 20 5b c3 cc 40 53 48 83 ec 20 48 


Stack slot to memory mapping:
stack at sp + 0 slots: 0x0 is NULL
stack at sp + 1 slots: 0x000001ed00000000 is an unknown value
stack at sp + 2 slots: 0x000001ed561fb790 points into unknown readable memory: 0x57ce6c4ae2281776 | 76 17 28 e2 4a 6c ce 57
stack at sp + 3 slots: 0x00007ffd416071a0 glass.dll
stack at sp + 4 slots: 0x000001ed561fb798 points into unknown readable memory: 0x00006e4ae237e826 | 26 e8 37 e2 4a 6e 00 00
stack at sp + 5 slots: 0x00007ffd70731cf6 ucrtbase.dll
stack at sp + 6 slots: 0x00006e4ae237e826 is an unknown value
stack at sp + 7 slots: 0x000001ed00000000 is an unknown value

VM_Operation (0x0000004a5aaff230): Exit, mode: safepoint, requested by thread 0x000001ed5620fcb0


---------------  P R O C E S S  ---------------

Threads class SMR info:
_java_thread_list=0x000001ed5681d770, length=22, elements={
0x000001ed3332a0b0, 0x000001ed5107fe60, 0x000001ed51080db0, 0x000001ed51086210,
0x000001ed51085cc0, 0x000001ed510881f0, 0x000001ed51088740, 0x000001ed5109d5e0,
0x000001ed5109c130, 0x000001ed51087750, 0x000001ed51086cb0, 0x000001ed51086760,
0x000001ed51085770, 0x000001ed51087200, 0x000001ed51087ca0, 0x000001ed51088c90,
0x000001ed56210750, 0x000001ed562141c0, 0x000001ed56210ca0, 0x000001ed56212c80,
0x000001ed562111f0, 0x000001ed5620fcb0
}

Java Threads: ( => current thread )
  0x000001ed3332a0b0 JavaThread "main" [_thread_blocked, id=12416, stack(0x0000004a5ab00000,0x0000004a5ac00000)]
  0x000001ed5107fe60 JavaThread "Reference Handler" daemon [_thread_blocked, id=6064, stack(0x0000004a5b200000,0x0000004a5b300000)]
  0x000001ed51080db0 JavaThread "Finalizer" daemon [_thread_blocked, id=11228, stack(0x0000004a5b300000,0x0000004a5b400000)]
  0x000001ed51086210 JavaThread "Signal Dispatcher" daemon [_thread_blocked, id=14268, stack(0x0000004a5b400000,0x0000004a5b500000)]
  0x000001ed51085cc0 JavaThread "Attach Listener" daemon [_thread_blocked, id=3548, stack(0x0000004a5b500000,0x0000004a5b600000)]
  0x000001ed510881f0 JavaThread "Service Thread" daemon [_thread_blocked, id=4564, stack(0x0000004a5b600000,0x0000004a5b700000)]
  0x000001ed51088740 JavaThread "Monitor Deflation Thread" daemon [_thread_blocked, id=8564, stack(0x0000004a5b700000,0x0000004a5b800000)]
  0x000001ed5109d5e0 JavaThread "C2 CompilerThread0" daemon [_thread_blocked, id=12616, stack(0x0000004a5b800000,0x0000004a5b900000)]
  0x000001ed5109c130 JavaThread "C1 CompilerThread0" daemon [_thread_blocked, id=13832, stack(0x0000004a5b900000,0x0000004a5ba00000)]
  0x000001ed51087750 JavaThread "Sweeper thread" daemon [_thread_blocked, id=3436, stack(0x0000004a5ba00000,0x0000004a5bb00000)]
  0x000001ed51086cb0 JavaThread "Common-Cleaner" daemon [_thread_blocked, id=8216, stack(0x0000004a5bb00000,0x0000004a5bc00000)]
  0x000001ed51086760 JavaThread "Monitor Ctrl-Break" daemon [_thread_in_native, id=12700, stack(0x0000004a5bf00000,0x0000004a5c000000)]
  0x000001ed51085770 JavaThread "Notification Thread" daemon [_thread_blocked, id=2552, stack(0x0000004a5c000000,0x0000004a5c100000)]
  0x000001ed51087200 JavaThread "QuantumRenderer-0" daemon [_thread_blocked, id=14068, stack(0x0000004a5c200000,0x0000004a5c300000)]
  0x000001ed51087ca0 JavaThread "InvokeLaterDispatcher" daemon [_thread_blocked, id=13488, stack(0x0000004a5bc00000,0x0000004a5bd00000)]
  0x000001ed51088c90 JavaThread "JavaFX Application Thread" [_thread_in_native, id=12144, stack(0x0000004a5c300000,0x0000004a5c400000)]
  0x000001ed56210750 JavaThread "Thread-1" daemon [_thread_in_native, id=1528, stack(0x0000004a5c700000,0x0000004a5c800000)]
  0x000001ed562141c0 JavaThread "JavaFX-Launcher" [_thread_blocked, id=7708, stack(0x0000004a5c800000,0x0000004a5c900000)]
  0x000001ed56210ca0 JavaThread "Prism Font Disposer" daemon [_thread_blocked, id=780, stack(0x0000004a5ca00000,0x0000004a5cb00000)]
  0x000001ed56212c80 JavaThread "Cleaner-0" daemon [_thread_blocked, id=10852, stack(0x0000004a5ce00000,0x0000004a5cf00000)]
  0x000001ed562111f0 JavaThread "mysql-cj-abandoned-connection-cleanup" daemon [_thread_blocked, id=13180, stack(0x0000004a5cf00000,0x0000004a5d000000)]
  0x000001ed5620fcb0 JavaThread "SIGINT handler" daemon [_thread_blocked, id=4692, stack(0x0000004a5aa00000,0x0000004a5ab00000)]

Other Threads:
=>0x000001ed51069ef0 VMThread "VM Thread" [stack: 0x0000004a5b100000,0x0000004a5b200000] [id=668]
  0x000001ed33387200 WorkerThread "GC Thread#0" [stack: 0x0000004a5ac00000,0x0000004a5ad00000] [id=8756]
  0x000001ed55b50150 WorkerThread "GC Thread#1" [stack: 0x0000004a5bd00000,0x0000004a5be00000] [id=12164]
  0x000001ed558657b0 WorkerThread "GC Thread#2" [stack: 0x0000004a5be00000,0x0000004a5bf00000] [id=1232]
  0x000001ed56346370 WorkerThread "GC Thread#3" [stack: 0x0000004a5c900000,0x0000004a5ca00000] [id=8004]
  0x000001ed33397de0 ConcurrentGCThread "G1 Main Marker" terminated
  0x000001ed33399820 WorkerThread "G1 Conc#0" [stack: 0x0000004a5ae00000,0x0000004a5af00000] [id=3632]
  0x000001ed50f25460 ConcurrentGCThread "G1 Refine#0" terminated
  0x000001ed50f26c60 ConcurrentGCThread "G1 Service" terminated

Threads with active compile tasks:

VM state: at safepoint (shutting down)

VM Mutex/Monitor currently owned by a thread:  ([mutex/lock_event])
[0x000001ed33322d30] Threads_lock - owner thread: 0x000001ed51069ef0
[0x000001ed33322e50] Heap_lock - owner thread: 0x000001ed5620fcb0

Heap address: 0x0000000081c00000, size: 2020 MB, Compressed Oops mode: 32-bit

CDS archive(s) mapped at: [0x0000000800000000-0x0000000800c40000-0x0000000800c40000), size 12845056, SharedBaseAddress: 0x0000000800000000, ArchiveRelocationMode: 0.
Compressed class space mapped at: 0x0000000801000000-0x0000000841000000, reserved size: 1073741824
Narrow klass base: 0x0000000800000000, Narrow klass shift: 0, Narrow klass range: 0x100000000

GC Precious Log:
 CardTable entry size: 512
 Card Set container configuration: InlinePtr #cards 5 size 8 Array Of Cards #cards 12 size 40 Howl #buckets 4 coarsen threshold 1843 Howl Bitmap #cards 512 size 80 coarsen threshold 460 Card regions per heap region 1 cards per card region 2048
 CPUs: 4 total, 4 available
 Memory: 8073M
 Large Page Support: Disabled
 NUMA Support: Disabled
 Compressed Oops: Enabled (32-bit)
 Heap Region Size: 1M
 Heap Min Capacity: 8M
 Heap Initial Capacity: 128M
 Heap Max Capacity: 2020M
 Pre-touch: Disabled
 Parallel Workers: 4
 Concurrent Workers: 1
 Concurrent Refinement Workers: 4
 Periodic GC: Disabled

Heap:
 garbage-first heap   total 51200K, used 18561K [0x0000000081c00000, 0x0000000100000000)
  region size 1024K, 16 young (16384K), 10 survivors (10240K)
 Metaspace       used 23924K, committed 24256K, reserved 1114112K
  class space    used 3104K, committed 3264K, reserved 1048576K

Heap Regions: E=young(eden), S=young(survivor), O=old, HS=humongous(starts), HC=humongous(continues), CS=collection set, F=free, OA=open archive, CA=closed archive, TAMS=top-at-mark-start (previous, next)
|   0|0x0000000081c00000, 0x0000000081d00000, 0x0000000081d00000|100%| O|  |TAMS 0x0000000081d00000, 0x0000000081c00000| Untracked 
|   1|0x0000000081d00000, 0x0000000081dca000, 0x0000000081e00000| 78%| O|  |TAMS 0x0000000081dca000, 0x0000000081d00000| Complete 
|   2|0x0000000081e00000, 0x0000000081f00000, 0x0000000081f00000|100%|HS|  |TAMS 0x0000000081f00000, 0x0000000081e00000| Complete 
|   3|0x0000000081f00000, 0x0000000082000000, 0x0000000082000000|100%|HC|  |TAMS 0x0000000082000000, 0x0000000081f00000| Complete 
|   4|0x0000000082000000, 0x0000000082000000, 0x0000000082100000|  0%| F|  |TAMS 0x0000000082000000, 0x0000000082000000| Untracked 
|   5|0x0000000082100000, 0x0000000082100000, 0x0000000082200000|  0%| F|  |TAMS 0x0000000082100000, 0x0000000082100000| Untracked 
|   6|0x0000000082200000, 0x0000000082200000, 0x0000000082300000|  0%| F|  |TAMS 0x0000000082200000, 0x0000000082200000| Untracked 
|   7|0x0000000082300000, 0x0000000082300000, 0x0000000082400000|  0%| F|  |TAMS 0x0000000082300000, 0x0000000082300000| Untracked 
|   8|0x0000000082400000, 0x0000000082400000, 0x0000000082500000|  0%| F|  |TAMS 0x0000000082400000, 0x0000000082400000| Untracked 
|   9|0x0000000082500000, 0x0000000082500000, 0x0000000082600000|  0%| F|  |TAMS 0x0000000082500000, 0x0000000082500000| Untracked 
|  10|0x0000000082600000, 0x0000000082600000, 0x0000000082700000|  0%| F|  |TAMS 0x0000000082600000, 0x0000000082600000| Untracked 
|  11|0x0000000082700000, 0x0000000082700000, 0x0000000082800000|  0%| F|  |TAMS 0x0000000082700000, 0x0000000082700000| Untracked 
|  12|0x0000000082800000, 0x0000000082800000, 0x0000000082900000|  0%| F|  |TAMS 0x0000000082800000, 0x0000000082800000| Untracked 
|  13|0x0000000082900000, 0x0000000082900000, 0x0000000082a00000|  0%| F|  |TAMS 0x0000000082900000, 0x0000000082900000| Untracked 
|  14|0x0000000082a00000, 0x0000000082a00000, 0x0000000082b00000|  0%| F|  |TAMS 0x0000000082a00000, 0x0000000082a00000| Untracked 
|  15|0x0000000082b00000, 0x0000000082b00000, 0x0000000082c00000|  0%| F|  |TAMS 0x0000000082b00000, 0x0000000082b00000| Untracked 
|  16|0x0000000082c00000, 0x0000000082c00000, 0x0000000082d00000|  0%| F|  |TAMS 0x0000000082c00000, 0x0000000082c00000| Untracked 
|  17|0x0000000082d00000, 0x0000000082d00000, 0x0000000082e00000|  0%| F|  |TAMS 0x0000000082d00000, 0x0000000082d00000| Untracked 
|  18|0x0000000082e00000, 0x0000000082e00000, 0x0000000082f00000|  0%| F|  |TAMS 0x0000000082e00000, 0x0000000082e00000| Untracked 
|  19|0x0000000082f00000, 0x0000000082f00000, 0x0000000083000000|  0%| F|  |TAMS 0x0000000082f00000, 0x0000000082f00000| Untracked 
|  20|0x0000000083000000, 0x0000000083000000, 0x0000000083100000|  0%| F|  |TAMS 0x0000000083000000, 0x0000000083000000| Untracked 
|  21|0x0000000083100000, 0x0000000083100000, 0x0000000083200000|  0%| F|  |TAMS 0x0000000083100000, 0x0000000083100000| Untracked 
|  22|0x0000000083200000, 0x0000000083200000, 0x0000000083300000|  0%| F|  |TAMS 0x0000000083200000, 0x0000000083200000| Untracked 
|  23|0x0000000083300000, 0x0000000083300000, 0x0000000083400000|  0%| F|  |TAMS 0x0000000083300000, 0x0000000083300000| Untracked 
|  24|0x0000000083400000, 0x0000000083400000, 0x0000000083500000|  0%| F|  |TAMS 0x0000000083400000, 0x0000000083400000| Untracked 
|  25|0x0000000083500000, 0x0000000083500000, 0x0000000083600000|  0%| F|  |TAMS 0x0000000083500000, 0x0000000083500000| Untracked 
|  26|0x0000000083600000, 0x0000000083600000, 0x0000000083700000|  0%| F|  |TAMS 0x0000000083600000, 0x0000000083600000| Untracked 
|  27|0x0000000083700000, 0x0000000083700000, 0x0000000083800000|  0%| F|  |TAMS 0x0000000083700000, 0x0000000083700000| Untracked 
|  28|0x0000000083800000, 0x0000000083800000, 0x0000000083900000|  0%| F|  |TAMS 0x0000000083800000, 0x0000000083800000| Untracked 
|  29|0x0000000083900000, 0x0000000083900000, 0x0000000083a00000|  0%| F|  |TAMS 0x0000000083900000, 0x0000000083900000| Untracked 
|  30|0x0000000083a00000, 0x0000000083a00000, 0x0000000083b00000|  0%| F|  |TAMS 0x0000000083a00000, 0x0000000083a00000| Untracked 
|  31|0x0000000083b00000, 0x0000000083b00000, 0x0000000083c00000|  0%| F|  |TAMS 0x0000000083b00000, 0x0000000083b00000| Untracked 
|  32|0x0000000083c00000, 0x0000000083c00000, 0x0000000083d00000|  0%| F|  |TAMS 0x0000000083c00000, 0x0000000083c00000| Untracked 
|  33|0x0000000083d00000, 0x0000000083d00000, 0x0000000083e00000|  0%| F|  |TAMS 0x0000000083d00000, 0x0000000083d00000| Untracked 
|  34|0x0000000083e00000, 0x0000000083e1a1e0, 0x0000000083f00000| 10%| E|  |TAMS 0x0000000083e00000, 0x0000000083e00000| Complete 
|  35|0x0000000083f00000, 0x0000000084000000, 0x0000000084000000|100%| E|CS|TAMS 0x0000000083f00000, 0x0000000083f00000| Complete 
|  36|0x0000000084000000, 0x0000000084100000, 0x0000000084100000|100%| E|CS|TAMS 0x0000000084000000, 0x0000000084000000| Complete 
|  37|0x0000000084100000, 0x0000000084200000, 0x0000000084200000|100%| E|CS|TAMS 0x0000000084100000, 0x0000000084100000| Complete 
|  38|0x0000000084200000, 0x0000000084300000, 0x0000000084300000|100%| E|CS|TAMS 0x0000000084200000, 0x0000000084200000| Complete 
|  69|0x0000000086100000, 0x00000000861564f0, 0x0000000086200000| 33%| S|CS|TAMS 0x0000000086100000, 0x0000000086100000| Complete 
|  70|0x0000000086200000, 0x0000000086300000, 0x0000000086300000|100%| S|CS|TAMS 0x0000000086200000, 0x0000000086200000| Complete 
|  71|0x0000000086300000, 0x0000000086400000, 0x0000000086400000|100%| S|CS|TAMS 0x0000000086300000, 0x0000000086300000| Complete 
|  72|0x0000000086400000, 0x0000000086500000, 0x0000000086500000|100%| S|CS|TAMS 0x0000000086400000, 0x0000000086400000| Complete 
|  73|0x0000000086500000, 0x0000000086600000, 0x0000000086600000|100%| S|CS|TAMS 0x0000000086500000, 0x0000000086500000| Complete 
|  74|0x0000000086600000, 0x0000000086700000, 0x0000000086700000|100%| S|CS|TAMS 0x0000000086600000, 0x0000000086600000| Complete 
|  75|0x0000000086700000, 0x0000000086800000, 0x0000000086800000|100%| S|CS|TAMS 0x0000000086700000, 0x0000000086700000| Complete 
|  76|0x0000000086800000, 0x0000000086900000, 0x0000000086900000|100%| S|CS|TAMS 0x0000000086800000, 0x0000000086800000| Complete 
|  77|0x0000000086900000, 0x0000000086a00000, 0x0000000086a00000|100%| S|CS|TAMS 0x0000000086900000, 0x0000000086900000| Complete 
|  78|0x0000000086a00000, 0x0000000086b00000, 0x0000000086b00000|100%| S|CS|TAMS 0x0000000086a00000, 0x0000000086a00000| Complete 
| 127|0x0000000089b00000, 0x0000000089c00000, 0x0000000089c00000|100%| E|CS|TAMS 0x0000000089b00000, 0x0000000089b00000| Complete 

Card table byte_map: [0x000001ed4a680000,0x000001ed4aa80000] _byte_map_base: 0x000001ed4a272000

Marking Bits (Prev, Next): (CMBitMap*) 0x000001ed33387870, (CMBitMap*) 0x000001ed33387830
 Prev Bits: [0x000001ed4ce10000, 0x000001ed4eda0000)
 Next Bits: [0x000001ed4ae80000, 0x000001ed4ce10000)

Polling page: 0x000001ed311c0000

Metaspace:

Usage:
  Non-class:     20.33 MB used.
      Class:      3.03 MB used.
       Both:     23.36 MB used.

Virtual space:
  Non-class space:       64.00 MB reserved,      20.50 MB ( 32%) committed,  1 nodes.
      Class space:        1.00 GB reserved,       3.19 MB ( <1%) committed,  1 nodes.
             Both:        1.06 GB reserved,      23.69 MB (  2%) committed. 

Chunk freelists:
   Non-Class:  2.69 MB
       Class:  720.00 KB
        Both:  3.39 MB

MaxMetaspaceSize: unlimited
CompressedClassSpaceSize: 1.00 GB
Initial GC threshold: 21.00 MB
Current GC threshold: 35.25 MB
CDS: on
MetaspaceReclaimPolicy: balanced
 - commit_granule_bytes: 65536.
 - commit_granule_words: 8192.
 - virtual_space_node_default_size: 8388608.
 - enlarge_chunks_in_place: 1.
 - new_chunks_are_fully_committed: 0.
 - uncommit_free_chunks: 1.
 - use_allocation_guard: 0.


Internal statistics:

num_allocs_failed_limit: 3.
num_arena_births: 370.
num_arena_deaths: 0.
num_vsnodes_births: 2.
num_vsnodes_deaths: 0.
num_space_committed: 379.
num_space_uncommitted: 0.
num_chunks_returned_to_freelist: 3.
num_chunks_taken_from_freelist: 997.
num_chunk_merges: 0.
num_chunk_splits: 695.
num_chunks_enlarged: 528.
num_inconsistent_stats: 0.

CodeHeap 'non-profiled nmethods': size=120000Kb used=1378Kb max_used=1378Kb free=118621Kb
 bounds [0x000001ed42d50000, 0x000001ed42fc0000, 0x000001ed4a280000]
CodeHeap 'profiled nmethods': size=120000Kb used=7394Kb max_used=7394Kb free=112606Kb
 bounds [0x000001ed3b280000, 0x000001ed3b9c0000, 0x000001ed427b0000]
CodeHeap 'non-nmethods': size=5760Kb used=1578Kb max_used=1604Kb free=4181Kb
 bounds [0x000001ed427b0000, 0x000001ed42a20000, 0x000001ed42d50000]
 total_blobs=4708 nmethods=3837 adapters=780
 compilation: enabled
              stopped_count=0, restarted_count=0
 full_count=0

Compilation events (20 events):
Event: 213.348 Thread 0x000001ed5109c130 3831       3       jdk.internal.loader.BuiltinClassLoader::hasClassPath (13 bytes)
Event: 213.348 Thread 0x000001ed5109c130 nmethod 3831 0x000001ed3b9b2810 code [0x000001ed3b9b29a0, 0x000001ed3b9b2b18]
Event: 243.354 Thread 0x000001ed5109c130 3832       3       java.util.concurrent.locks.LockSupport::setBlocker (12 bytes)
Event: 243.354 Thread 0x000001ed5109c130 nmethod 3832 0x000001ed3b9b2b90 code [0x000001ed3b9b2d40, 0x000001ed3b9b2f48]
Event: 368.386 Thread 0x000001ed5109c130 3833       3       jdk.internal.loader.BuiltinClassLoader::checkURL (5 bytes)
Event: 368.387 Thread 0x000001ed5109c130 nmethod 3833 0x000001ed3b9b3010 code [0x000001ed3b9b31c0, 0x000001ed3b9b33c8]
Event: 368.387 Thread 0x000001ed5109c130 3834   !   3       jdk.internal.loader.URLClassPath::checkURL (16 bytes)
Event: 368.387 Thread 0x000001ed5109c130 nmethod 3834 0x000001ed3b9b3490 code [0x000001ed3b9b3640, 0x000001ed3b9b3808]
Event: 383.390 Thread 0x000001ed5109c130 3835   !   3       jdk.internal.loader.BuiltinClassLoader::findMiscResource (122 bytes)
Event: 383.393 Thread 0x000001ed5109c130 nmethod 3835 0x000001ed3b9b3910 code [0x000001ed3b9b3bc0, 0x000001ed3b9b4de8]
Event: 393.392 Thread 0x000001ed5109c130 3836   !   3       jdk.internal.loader.BuiltinClassLoader::findResource (154 bytes)
Event: 393.395 Thread 0x000001ed5109c130 nmethod 3836 0x000001ed3b9b5290 code [0x000001ed3b9b5600, 0x000001ed3b9b6ac8]
Event: 553.423 Thread 0x000001ed5109c130 3837       3       jdk.internal.loader.ClassLoaders::appClassLoader (4 bytes)
Event: 553.424 Thread 0x000001ed5109c130 nmethod 3837 0x000001ed3b9b7310 code [0x000001ed3b9b74a0, 0x000001ed3b9b7598]
Event: 558.425 Thread 0x000001ed5109c130 3838   !   3       java.util.concurrent.locks.LockSupport::parkNanos (56 bytes)
Event: 558.426 Thread 0x000001ed5109c130 nmethod 3838 0x000001ed3b9b7610 code [0x000001ed3b9b7800, 0x000001ed3b9b7c68]
Event: 608.439 Thread 0x000001ed5109c130 3839       3       java.lang.ClassLoader::getResource (41 bytes)
Event: 608.440 Thread 0x000001ed5109c130 nmethod 3839 0x000001ed3b9b7e10 code [0x000001ed3b9b8000, 0x000001ed3b9b85f8]
Event: 634.358 Thread 0x000001ed5109c130 3840       1       java.util.logging.LogManager$LoggerContext::getOwner (5 bytes)
Event: 634.358 Thread 0x000001ed5109c130 nmethod 3840 0x000001ed42ea8890 code [0x000001ed42ea8a20, 0x000001ed42ea8ad8]

GC Heap History (6 events):
Event: 0.804 GC heap before
{Heap before GC invocations=0 (full 0):
 garbage-first heap   total 131072K, used 12288K [0x0000000081c00000, 0x0000000100000000)
  region size 1024K, 13 young (13312K), 0 survivors (0K)
 Metaspace       used 860K, committed 1024K, reserved 1114112K
  class space    used 66K, committed 128K, reserved 1048576K
}
Event: 0.809 GC heap after
{Heap after GC invocations=1 (full 0):
 garbage-first heap   total 131072K, used 874K [0x0000000081c00000, 0x0000000100000000)
  region size 1024K, 1 young (1024K), 1 survivors (1024K)
 Metaspace       used 860K, committed 1024K, reserved 1114112K
  class space    used 66K, committed 128K, reserved 1048576K
}
Event: 2.549 GC heap before
{Heap before GC invocations=1 (full 0):
 garbage-first heap   total 131072K, used 20330K [0x0000000081c00000, 0x0000000100000000)
  region size 1024K, 21 young (21504K), 1 survivors (1024K)
 Metaspace       used 6806K, committed 7040K, reserved 1114112K
  class space    used 786K, committed 896K, reserved 1048576K
}
Event: 2.562 GC heap after
{Heap after GC invocations=2 (full 0):
 garbage-first heap   total 131072K, used 4904K [0x0000000081c00000, 0x0000000100000000)
  region size 1024K, 3 young (3072K), 3 survivors (3072K)
 Metaspace       used 6806K, committed 7040K, reserved 1114112K
  class space    used 786K, committed 896K, reserved 1048576K
}
Event: 24.110 GC heap before
{Heap before GC invocations=2 (full 0):
 garbage-first heap   total 131072K, used 52008K [0x0000000081c00000, 0x0000000100000000)
  region size 1024K, 49 young (50176K), 3 survivors (3072K)
 Metaspace       used 21198K, committed 21504K, reserved 1114112K
  class space    used 2791K, committed 2944K, reserved 1048576K
}
Event: 24.136 GC heap after
{Heap after GC invocations=3 (full 0):
 garbage-first heap   total 131072K, used 13441K [0x0000000081c00000, 0x0000000100000000)
  region size 1024K, 10 young (10240K), 10 survivors (10240K)
 Metaspace       used 21198K, committed 21504K, reserved 1114112K
  class space    used 2791K, committed 2944K, reserved 1048576K
}

Dll operation events (20 events):
Event: 1.743 Loaded shared library C:\Users\Альбина\.openjfx\cache\19+11\amd64\api-ms-win-crt-locale-l1-1-0.dll
Event: 1.752 Loaded shared library C:\Users\Альбина\.openjfx\cache\19+11\amd64\api-ms-win-crt-math-l1-1-0.dll
Event: 1.761 Loaded shared library C:\Users\Альбина\.openjfx\cache\19+11\amd64\api-ms-win-crt-multibyte-l1-1-0.dll
Event: 1.769 Loaded shared library C:\Users\Альбина\.openjfx\cache\19+11\amd64\api-ms-win-crt-private-l1-1-0.dll
Event: 1.776 Loaded shared library C:\Users\Альбина\.openjfx\cache\19+11\amd64\api-ms-win-crt-process-l1-1-0.dll
Event: 1.785 Loaded shared library C:\Users\Альбина\.openjfx\cache\19+11\amd64\api-ms-win-crt-runtime-l1-1-0.dll
Event: 1.795 Loaded shared library C:\Users\Альбина\.openjfx\cache\19+11\amd64\api-ms-win-crt-stdio-l1-1-0.dll
Event: 1.802 Loaded shared library C:\Users\Альбина\.openjfx\cache\19+11\amd64\api-ms-win-crt-string-l1-1-0.dll
Event: 1.810 Loaded shared library C:\Users\Альбина\.openjfx\cache\19+11\amd64\api-ms-win-crt-time-l1-1-0.dll
Event: 1.818 Loaded shared library C:\Users\Альбина\.openjfx\cache\19+11\amd64\api-ms-win-crt-utility-l1-1-0.dll
Event: 1.852 Loaded shared library C:\Users\Альбина\.openjfx\cache\19+11\amd64\ucrtbase.dll
Event: 1.862 Loaded shared library C:\Users\Альбина\.openjfx\cache\19+11\amd64\vcruntime140.dll
Event: 1.871 Loaded shared library C:\Users\Альбина\.openjfx\cache\19+11\amd64\vcruntime140_1.dll
Event: 1.890 Loaded shared library C:\Users\Альбина\.openjfx\cache\19+11\amd64\msvcp140.dll
Event: 1.897 Loaded shared library C:\Users\Альбина\.openjfx\cache\19+11\amd64\msvcp140_1.dll
Event: 1.908 Loaded shared library C:\Users\Альбина\.openjfx\cache\19+11\amd64\msvcp140_2.dll
Event: 2.031 Loaded shared library C:\Users\Альбина\.openjfx\cache\19+11\amd64\prism_d3d.dll
Event: 2.108 Loaded shared library C:\Users\Альбина\.openjfx\cache\19+11\amd64\glass.dll
Event: 2.985 Loaded shared library C:\Users\Альбина\.openjfx\cache\19+11\amd64\javafx_font.dll
Event: 23.652 Loaded shared library C:\Program Files\Java\jdk-19\bin\sunmscapi.dll

Deoptimization events (20 events):
Event: 24.593 Thread 0x000001ed51088c90 Uncommon trap: trap_request=0xffffffde fr.pc=0x000001ed42e76c54 relative=0x0000000000000994
Event: 24.593 Thread 0x000001ed51088c90 Uncommon trap: reason=class_check action=maybe_recompile pc=0x000001ed42e76c54 method=java.util.HashMap.putVal(ILjava/lang/Object;Ljava/lang/Object;ZZ)Ljava/lang/Object; @ 253 c2
Event: 24.593 Thread 0x000001ed51088c90 DEOPT PACKING pc=0x000001ed42e76c54 sp=0x0000004a5c3f9c60
Event: 24.593 Thread 0x000001ed51088c90 DEOPT UNPACKING pc=0x000001ed42816d9e sp=0x0000004a5c3f9c00 mode 2
Event: 24.716 Thread 0x000001ed51088c90 DEOPT PACKING pc=0x000001ed3b3ac942 sp=0x0000004a5c3fbc50
Event: 24.716 Thread 0x000001ed51088c90 DEOPT UNPACKING pc=0x000001ed42817525 sp=0x0000004a5c3fb0f0 mode 0
Event: 24.722 Thread 0x000001ed51088c90 DEOPT PACKING pc=0x000001ed3b3ac942 sp=0x0000004a5c3fbc90
Event: 24.722 Thread 0x000001ed51088c90 DEOPT UNPACKING pc=0x000001ed42817525 sp=0x0000004a5c3fb108 mode 0
Event: 25.974 Thread 0x000001ed51087200 DEOPT PACKING pc=0x000001ed3b64483d sp=0x0000004a5c2fdc40
Event: 25.974 Thread 0x000001ed51087200 DEOPT UNPACKING pc=0x000001ed42817525 sp=0x0000004a5c2fd098 mode 0
Event: 25.975 Thread 0x000001ed51087200 DEOPT PACKING pc=0x000001ed3b64485e sp=0x0000004a5c2fdc40
Event: 25.975 Thread 0x000001ed51087200 DEOPT UNPACKING pc=0x000001ed42817525 sp=0x0000004a5c2fd0a8 mode 0
Event: 26.021 Thread 0x000001ed51088c90 Uncommon trap: trap_request=0xffffff45 fr.pc=0x000001ed42e20fd4 relative=0x0000000000000174
Event: 26.022 Thread 0x000001ed51088c90 Uncommon trap: reason=unstable_if action=reinterpret pc=0x000001ed42e20fd4 method=java.util.WeakHashMap.expungeStaleEntries()V @ 9 c2
Event: 26.022 Thread 0x000001ed51088c90 DEOPT PACKING pc=0x000001ed42e20fd4 sp=0x0000004a5c3fad40
Event: 26.022 Thread 0x000001ed51088c90 DEOPT UNPACKING pc=0x000001ed42816d9e sp=0x0000004a5c3facd8 mode 2
Event: 27.936 Thread 0x000001ed51088c90 Uncommon trap: trap_request=0xffffff3d fr.pc=0x000001ed42e4eaf8 relative=0x0000000000003418
Event: 27.936 Thread 0x000001ed51088c90 Uncommon trap: reason=unstable_fused_if action=reinterpret pc=0x000001ed42e4eaf8 method=java.util.HashMap.tableSizeFor(I)I @ 10 c2
Event: 27.936 Thread 0x000001ed51088c90 DEOPT PACKING pc=0x000001ed42e4eaf8 sp=0x0000004a5c3f9e70
Event: 27.936 Thread 0x000001ed51088c90 DEOPT UNPACKING pc=0x000001ed42816d9e sp=0x0000004a5c3f9d18 mode 2

Classes loaded (20 events):
Event: 24.691 Loading class sun/security/ssl/Alert$Level
Event: 24.691 Loading class sun/security/ssl/Alert$Level done
Event: 24.693 Loading class java/io/InterruptedIOException
Event: 24.694 Loading class java/io/InterruptedIOException done
Event: 24.703 Loading class java/lang/StringIndexOutOfBoundsException
Event: 24.703 Loading class java/lang/StringIndexOutOfBoundsException done
Event: 24.711 Loading class java/util/concurrent/atomic/AtomicReferenceFieldUpdater
Event: 24.712 Loading class java/util/concurrent/atomic/AtomicReferenceFieldUpdater done
Event: 24.712 Loading class java/util/concurrent/atomic/AtomicReferenceFieldUpdater$AtomicReferenceFieldUpdaterImpl
Event: 24.712 Loading class java/util/concurrent/atomic/AtomicReferenceFieldUpdater$AtomicReferenceFieldUpdaterImpl done
Event: 24.712 Loading class java/util/concurrent/atomic/AtomicReferenceFieldUpdater$AtomicReferenceFieldUpdaterImpl$1
Event: 24.712 Loading class java/util/concurrent/atomic/AtomicReferenceFieldUpdater$AtomicReferenceFieldUpdaterImpl$1 done
Event: 24.713 Loading class sun/reflect/misc/ReflectUtil
Event: 24.713 Loading class sun/reflect/misc/ReflectUtil done
Event: 24.714 Loading class java/lang/Throwable$WrappedPrintStream
Event: 24.714 Loading class java/lang/Throwable$PrintStreamOrWriter
Event: 24.714 Loading class java/lang/Throwable$PrintStreamOrWriter done
Event: 24.714 Loading class java/lang/Throwable$WrappedPrintStream done
Event: 634.353 Loading class jdk/internal/misc/Signal$1
Event: 634.353 Loading class jdk/internal/misc/Signal$1 done

Classes unloaded (0 events):
No events

Classes redefined (0 events):
No events

Internal exceptions (20 events):
Event: 4.422 Thread 0x000001ed51088c90 Exception <a 'java/lang/NoSuchMethodError'{0x00000000881edcf0}: 'void java.lang.invoke.DirectMethodHandle$Holder.invokeSpecial(java.lang.Object, java.lang.Object, java.lang.Object, java.lang.Object, java.lang.Object, java.lang.Object)'> (0x00000000881edcf0) 
thrown [s\open\src\hotspot\share\interpreter\linkResolver.cpp, line 774]
Event: 4.676 Thread 0x000001ed51088c90 Exception <a 'java/lang/NoSuchMethodError'{0x0000000087d4d5f8}: 'int java.lang.invoke.DirectMethodHandle$Holder.invokeSpecial(java.lang.Object, java.lang.Object, int)'> (0x0000000087d4d5f8) 
thrown [s\open\src\hotspot\share\interpreter\linkResolver.cpp, line 774]
Event: 4.710 Thread 0x000001ed51088c90 Exception <a 'java/lang/NoSuchMethodError'{0x0000000087d9d5f8}: 'java.lang.Object java.lang.invoke.DirectMethodHandle$Holder.newInvokeSpecial(java.lang.Object, java.lang.Object, int)'> (0x0000000087d9d5f8) 
thrown [s\open\src\hotspot\share\interpreter\linkResolver.cpp, line 774]
Event: 4.796 Thread 0x000001ed51088c90 Exception <a 'java/lang/NoSuchMethodError'{0x0000000087c26c50}: 'long java.lang.invoke.DirectMethodHandle$Holder.invokeStatic(java.lang.Object, java.lang.Object, java.lang.Object)'> (0x0000000087c26c50) 
thrown [s\open\src\hotspot\share\interpreter\linkResolver.cpp, line 774]
Event: 4.796 Thread 0x000001ed51087200 Exception <a 'java/lang/NoSuchMethodError'{0x0000000087c3e610}: 'int java.lang.invoke.DirectMethodHandle$Holder.invokeStaticInit(java.lang.Object, java.lang.Object)'> (0x0000000087c3e610) 
thrown [s\open\src\hotspot\share\interpreter\linkResolver.cpp, line 774]
Event: 4.797 Thread 0x000001ed51088c90 Exception <a 'java/lang/NoSuchMethodError'{0x0000000087c2a2c8}: 'long java.lang.invoke.DirectMethodHandle$Holder.invokeStaticInit(java.lang.Object, java.lang.Object, java.lang.Object)'> (0x0000000087c2a2c8) 
thrown [s\open\src\hotspot\share\interpreter\linkResolver.cpp, line 774]
Event: 4.818 Thread 0x000001ed51088c90 Exception <a 'java/lang/NoSuchMethodError'{0x0000000087c6ce08}: 'java.lang.Object java.lang.invoke.DirectMethodHandle$Holder.newInvokeSpecial(java.lang.Object, java.lang.Object, long)'> (0x0000000087c6ce08) 
thrown [s\open\src\hotspot\share\interpreter\linkResolver.cpp, line 774]
Event: 4.819 Thread 0x000001ed51088c90 Exception <a 'java/lang/NoSuchMethodError'{0x0000000087c70990}: 'java.lang.Object java.lang.invoke.Invokers$Holder.linkToTargetMethod(java.lang.Object, long, java.lang.Object)'> (0x0000000087c70990) 
thrown [s\open\src\hotspot\share\interpreter\linkResolver.cpp, line 774]
Event: 23.059 Thread 0x000001ed51088c90 Exception <a 'sun/nio/fs/WindowsException'{0x00000000874d3780}> (0x00000000874d3780) 
thrown [s\open\src\hotspot\share\prims\jni.cpp, line 517]
Event: 23.113 Thread 0x000001ed51088c90 Exception <a 'java/lang/NoSuchMethodError'{0x0000000087373ba0}: 'java.lang.Object java.lang.invoke.DirectMethodHandle$Holder.invokeInterface(java.lang.Object, java.lang.Object)'> (0x0000000087373ba0) 
thrown [s\open\src\hotspot\share\interpreter\linkResolver.cpp, line 774]
Event: 23.119 Thread 0x000001ed51088c90 Exception <a 'sun/nio/fs/WindowsException'{0x000000008737e298}> (0x000000008737e298) 
thrown [s\open\src\hotspot\share\prims\jni.cpp, line 517]
Event: 23.121 Thread 0x000001ed51088c90 Exception <a 'sun/nio/fs/WindowsException'{0x0000000087380ac8}> (0x0000000087380ac8) 
thrown [s\open\src\hotspot\share\prims\jni.cpp, line 517]
Event: 23.151 Thread 0x000001ed51088c90 Exception <a 'sun/nio/fs/WindowsException'{0x00000000873df150}> (0x00000000873df150) 
thrown [s\open\src\hotspot\share\prims\jni.cpp, line 517]
Event: 23.153 Thread 0x000001ed51088c90 Exception <a 'sun/nio/fs/WindowsException'{0x00000000873e1ca8}> (0x00000000873e1ca8) 
thrown [s\open\src\hotspot\share\prims\jni.cpp, line 517]
Event: 23.596 Thread 0x000001ed51088c90 Exception <a 'sun/nio/fs/WindowsException'{0x0000000086d47a60}> (0x0000000086d47a60) 
thrown [s\open\src\hotspot\share\prims\jni.cpp, line 517]
Event: 23.754 Thread 0x000001ed51088c90 Exception <a 'sun/nio/fs/WindowsException'{0x0000000086c62298}> (0x0000000086c62298) 
thrown [s\open\src\hotspot\share\prims\jni.cpp, line 517]
Event: 23.774 Thread 0x000001ed51088c90 Exception <a 'sun/nio/fs/WindowsException'{0x0000000086c77140}> (0x0000000086c77140) 
thrown [s\open\src\hotspot\share\prims\jni.cpp, line 517]
Event: 23.894 Thread 0x000001ed51088c90 Exception <a 'java/lang/NoSuchMethodError'{0x0000000086b1b078}: 'java.lang.Object java.lang.invoke.DirectMethodHandle$Holder.invokeStaticInit(java.lang.Object, int, int, int, int)'> (0x0000000086b1b078) 
thrown [s\open\src\hotspot\share\interpreter\linkResolver.cpp, line 774]
Event: 24.033 Thread 0x000001ed51088c90 Exception <a 'java/lang/NoSuchMethodError'{0x0000000086b91920}: 'java.lang.Object java.lang.invoke.DirectMethodHandle$Holder.invokeStaticInit(java.lang.Object, java.lang.Object, int, int, int, int)'> (0x0000000086b91920) 
thrown [s\open\src\hotspot\share\interpreter\linkResolver.cpp, line 774]
Event: 24.693 Thread 0x000001ed51088c90 Exception <a 'java/io/IOException'{0x000000008411a180}> (0x000000008411a180) 
thrown [s\open\src\hotspot\share\prims\jni.cpp, line 517]

VM Operations (20 events):
Event: 24.169 Executing VM operation: G1PauseCleanup done
Event: 24.482 Executing VM operation: HandshakeAllThreads
Event: 24.482 Executing VM operation: HandshakeAllThreads done
Event: 25.483 Executing VM operation: Cleanup
Event: 25.483 Executing VM operation: Cleanup done
Event: 26.484 Executing VM operation: Cleanup
Event: 26.484 Executing VM operation: Cleanup done
Event: 27.485 Executing VM operation: Cleanup
Event: 27.485 Executing VM operation: Cleanup done
Event: 28.486 Executing VM operation: Cleanup
Event: 28.486 Executing VM operation: Cleanup done
Event: 29.487 Executing VM operation: Cleanup
Event: 29.487 Executing VM operation: Cleanup done
Event: 31.490 Executing VM operation: Cleanup
Event: 31.490 Executing VM operation: Cleanup done
Event: 398.984 Executing VM operation: Cleanup
Event: 398.984 Executing VM operation: Cleanup done
Event: 614.184 Executing VM operation: Cleanup
Event: 614.184 Executing VM operation: Cleanup done
Event: 634.363 Executing VM operation: Exit

Events (20 events):
Event: 2.114 Thread 0x000001ed51087ca0 Thread added: 0x000001ed51087ca0
Event: 2.125 Thread 0x000001ed51088c90 Thread added: 0x000001ed51088c90
Event: 2.276 Thread 0x000001ed56210750 Thread added: 0x000001ed56210750
Event: 2.320 Thread 0x000001ed562141c0 Thread added: 0x000001ed562141c0
Event: 3.162 Thread 0x000001ed56468390 Thread added: 0x000001ed56468390
Event: 3.436 Thread 0x000001ed56468390 Thread exited: 0x000001ed56468390
Event: 3.478 Thread 0x000001ed56468390 Thread added: 0x000001ed56468390
Event: 3.875 Thread 0x000001ed56468390 Thread exited: 0x000001ed56468390
Event: 4.118 Thread 0x000001ed56210ca0 Thread added: 0x000001ed56210ca0
Event: 4.894 Thread 0x000001ed56212c80 Thread added: 0x000001ed56212c80
Event: 23.053 Thread 0x000001ed562111f0 Thread added: 0x000001ed562111f0
Event: 23.138 Thread 0x000001ed56931c30 Thread added: 0x000001ed56931c30
Event: 24.010 Thread 0x000001ed56931c30 Thread exited: 0x000001ed56931c30
Event: 24.386 Thread 0x000001ed5589e6d0 Thread added: 0x000001ed5589e6d0
Event: 24.697 Thread 0x000001ed5589e6d0 Thread exited: 0x000001ed5589e6d0
Event: 634.354 Thread 0x000001ed5620fcb0 Thread added: 0x000001ed5620fcb0
Event: 634.355 Thread 0x000001ed56211c90 Thread added: 0x000001ed56211c90
Event: 634.355 Thread 0x000001ed56211740 Thread added: 0x000001ed56211740
Event: 634.358 Thread 0x000001ed56211740 Thread exited: 0x000001ed56211740
Event: 634.362 Thread 0x000001ed56211c90 Thread exited: 0x000001ed56211c90


Dynamic libraries:
0x00007ff7ede50000 - 0x00007ff7ede60000 	C:\Program Files\Java\jdk-19\bin\java.exe
0x00007ffd73bb0000 - 0x00007ffd73d9e000 	C:\WINDOWS\SYSTEM32\ntdll.dll
0x00007ffd71ab0000 - 0x00007ffd71b63000 	C:\WINDOWS\System32\KERNEL32.DLL
0x00007ffd70900000 - 0x00007ffd70b9d000 	C:\WINDOWS\System32\KERNELBASE.dll
0x00007ffd70720000 - 0x00007ffd7081a000 	C:\WINDOWS\System32\ucrtbase.dll
0x00007ffd57e10000 - 0x00007ffd57e28000 	C:\Program Files\Java\jdk-19\bin\jli.dll
0x00007ffd57e30000 - 0x00007ffd57e4b000 	C:\Program Files\Java\jdk-19\bin\VCRUNTIME140.dll
0x00007ffd71040000 - 0x00007ffd710e7000 	C:\WINDOWS\System32\ADVAPI32.dll
0x00007ffd72090000 - 0x00007ffd7212e000 	C:\WINDOWS\System32\msvcrt.dll
0x00007ffd73ae0000 - 0x00007ffd73b7f000 	C:\WINDOWS\System32\sechost.dll
0x00007ffd718e0000 - 0x00007ffd719fe000 	C:\WINDOWS\System32\RPCRT4.dll
0x00007ffd71e40000 - 0x00007ffd71fd7000 	C:\WINDOWS\System32\USER32.dll
0x00007ffd5f340000 - 0x00007ffd5f5b9000 	C:\WINDOWS\WinSxS\amd64_microsoft.windows.common-controls_6595b64144ccf1df_6.0.17763.5206_none_de6d611a534ecc77\COMCTL32.dll
0x00007ffd70380000 - 0x00007ffd703a0000 	C:\WINDOWS\System32\win32u.dll
0x00007ffd71190000 - 0x00007ffd714bb000 	C:\WINDOWS\System32\combase.dll
0x00007ffd70de0000 - 0x00007ffd70e09000 	C:\WINDOWS\System32\GDI32.dll
0x00007ffd70510000 - 0x00007ffd706bb000 	C:\WINDOWS\System32\gdi32full.dll
0x00007ffd70820000 - 0x00007ffd708a2000 	C:\WINDOWS\System32\bcryptPrimitives.dll
0x00007ffd70470000 - 0x00007ffd70510000 	C:\WINDOWS\System32\msvcp_win.dll
0x00007ffd63570000 - 0x00007ffd6357a000 	C:\WINDOWS\SYSTEM32\VERSION.dll
0x00007ffd72130000 - 0x00007ffd7215e000 	C:\WINDOWS\System32\IMM32.DLL
0x00007ffd59cc0000 - 0x00007ffd59ccc000 	C:\Program Files\Java\jdk-19\bin\vcruntime140_1.dll
0x00007ffd2b8c0000 - 0x00007ffd2b94e000 	C:\Program Files\Java\jdk-19\bin\msvcp140.dll
0x00007ffd1a2d0000 - 0x00007ffd1af90000 	C:\Program Files\Java\jdk-19\bin\server\jvm.dll
0x00007ffd651f0000 - 0x00007ffd65214000 	C:\WINDOWS\SYSTEM32\WINMM.dll
0x00007ffd6c090000 - 0x00007ffd6c099000 	C:\WINDOWS\SYSTEM32\WSOCK32.dll
0x00007ffd71dd0000 - 0x00007ffd71e3d000 	C:\WINDOWS\System32\WS2_32.dll
0x00007ffd64fb0000 - 0x00007ffd64fdd000 	C:\WINDOWS\SYSTEM32\winmmbase.dll
0x00007ffd708b0000 - 0x00007ffd708fa000 	C:\WINDOWS\System32\cfgmgr32.dll
0x00007ffd6fb60000 - 0x00007ffd6fb71000 	C:\WINDOWS\System32\kernel.appcore.dll
0x00007ffd58bf0000 - 0x00007ffd58bfa000 	C:\Program Files\Java\jdk-19\bin\jimage.dll
0x00007ffd6bd20000 - 0x00007ffd6bf0d000 	C:\WINDOWS\SYSTEM32\DBGHELP.DLL
0x00007ffd69050000 - 0x00007ffd6907a000 	C:\WINDOWS\SYSTEM32\dbgcore.DLL
0x00007ffd5b5f0000 - 0x00007ffd5b5fe000 	C:\Program Files\Java\jdk-19\bin\instrument.dll
0x00007ffd55800000 - 0x00007ffd55826000 	C:\Program Files\Java\jdk-19\bin\java.dll
0x00007ffd27100000 - 0x00007ffd271d7000 	C:\Program Files\Java\jdk-19\bin\jsvml.dll
0x00007ffd72160000 - 0x00007ffd73658000 	C:\WINDOWS\System32\SHELL32.dll
0x00007ffd71a00000 - 0x00007ffd71aa7000 	C:\WINDOWS\System32\shcore.dll
0x00007ffd6fc30000 - 0x00007ffd70377000 	C:\WINDOWS\System32\windows.storage.dll
0x00007ffd6fc00000 - 0x00007ffd6fc23000 	C:\WINDOWS\System32\profapi.dll
0x00007ffd6fba0000 - 0x00007ffd6fbfd000 	C:\WINDOWS\System32\powrprof.dll
0x00007ffd71810000 - 0x00007ffd71862000 	C:\WINDOWS\System32\shlwapi.dll
0x00007ffd703a0000 - 0x00007ffd703bb000 	C:\WINDOWS\System32\cryptsp.dll
0x00007ffd47a70000 - 0x00007ffd47a83000 	C:\Program Files\Java\jdk-19\bin\net.dll
0x00007ffd67280000 - 0x00007ffd6737d000 	C:\WINDOWS\SYSTEM32\WINHTTP.dll
0x00007ffd6f350000 - 0x00007ffd6f3b7000 	C:\WINDOWS\system32\mswsock.dll
0x00007ffd47a50000 - 0x00007ffd47a66000 	C:\Program Files\Java\jdk-19\bin\nio.dll
0x00007ffd45b40000 - 0x00007ffd45b58000 	C:\Program Files\Java\jdk-19\bin\zip.dll
0x000001ed33220000 - 0x000001ed33223000 	C:\Users\Альбина\.openjfx\cache\19+11\amd64\api-ms-win-core-console-l1-1-0.dll
0x000001ed33230000 - 0x000001ed33233000 	C:\Users\Альбина\.openjfx\cache\19+11\amd64\api-ms-win-core-console-l1-2-0.dll
0x000001ed33240000 - 0x000001ed33243000 	C:\Users\Альбина\.openjfx\cache\19+11\amd64\api-ms-win-core-datetime-l1-1-0.dll
0x000001ed33250000 - 0x000001ed33253000 	C:\Users\Альбина\.openjfx\cache\19+11\amd64\api-ms-win-core-debug-l1-1-0.dll
0x000001ed33260000 - 0x000001ed33263000 	C:\Users\Альбина\.openjfx\cache\19+11\amd64\api-ms-win-core-errorhandling-l1-1-0.dll
0x000001ed33270000 - 0x000001ed33274000 	C:\Users\Альбина\.openjfx\cache\19+11\amd64\api-ms-win-core-file-l1-1-0.dll
0x000001ed33280000 - 0x000001ed33283000 	C:\Users\Альбина\.openjfx\cache\19+11\amd64\api-ms-win-core-file-l1-2-0.dll
0x000001ed33290000 - 0x000001ed33293000 	C:\Users\Альбина\.openjfx\cache\19+11\amd64\api-ms-win-core-file-l2-1-0.dll
0x000001ed332a0000 - 0x000001ed332a3000 	C:\Users\Альбина\.openjfx\cache\19+11\amd64\api-ms-win-core-handle-l1-1-0.dll
0x000001ed332b0000 - 0x000001ed332b3000 	C:\Users\Альбина\.openjfx\cache\19+11\amd64\api-ms-win-core-heap-l1-1-0.dll
0x000001ed332c0000 - 0x000001ed332c3000 	C:\Users\Альбина\.openjfx\cache\19+11\amd64\api-ms-win-core-interlocked-l1-1-0.dll
0x000001ed332d0000 - 0x000001ed332d3000 	C:\Users\Альбина\.openjfx\cache\19+11\amd64\api-ms-win-core-libraryloader-l1-1-0.dll
0x000001ed513d0000 - 0x000001ed513d3000 	C:\Users\Альбина\.openjfx\cache\19+11\amd64\api-ms-win-core-localization-l1-2-0.dll
0x000001ed513e0000 - 0x000001ed513e3000 	C:\Users\Альбина\.openjfx\cache\19+11\amd64\api-ms-win-core-memory-l1-1-0.dll
0x000001ed513f0000 - 0x000001ed513f3000 	C:\Users\Альбина\.openjfx\cache\19+11\amd64\api-ms-win-core-namedpipe-l1-1-0.dll
0x000001ed56fd0000 - 0x000001ed56fd3000 	C:\Users\Альбина\.openjfx\cache\19+11\amd64\api-ms-win-core-processenvironment-l1-1-0.dll
0x000001ed56fe0000 - 0x000001ed56fe3000 	C:\Users\Альбина\.openjfx\cache\19+11\amd64\api-ms-win-core-processthreads-l1-1-0.dll
0x000001ed56ff0000 - 0x000001ed56ff3000 	C:\Users\Альбина\.openjfx\cache\19+11\amd64\api-ms-win-core-processthreads-l1-1-1.dll
0x000001ed57000000 - 0x000001ed57003000 	C:\Users\Альбина\.openjfx\cache\19+11\amd64\api-ms-win-core-profile-l1-1-0.dll
0x000001ed57010000 - 0x000001ed57013000 	C:\Users\Альбина\.openjfx\cache\19+11\amd64\api-ms-win-core-rtlsupport-l1-1-0.dll
0x000001ed57020000 - 0x000001ed57023000 	C:\Users\Альбина\.openjfx\cache\19+11\amd64\api-ms-win-core-string-l1-1-0.dll
0x000001ed57030000 - 0x000001ed57033000 	C:\Users\Альбина\.openjfx\cache\19+11\amd64\api-ms-win-core-synch-l1-1-0.dll
0x000001ed57040000 - 0x000001ed57043000 	C:\Users\Альбина\.openjfx\cache\19+11\amd64\api-ms-win-core-synch-l1-2-0.dll
0x000001ed57050000 - 0x000001ed57053000 	C:\Users\Альбина\.openjfx\cache\19+11\amd64\api-ms-win-core-sysinfo-l1-1-0.dll
0x000001ed57060000 - 0x000001ed57063000 	C:\Users\Альбина\.openjfx\cache\19+11\amd64\api-ms-win-core-timezone-l1-1-0.dll
0x000001ed57070000 - 0x000001ed57073000 	C:\Users\Альбина\.openjfx\cache\19+11\amd64\api-ms-win-core-util-l1-1-0.dll
0x000001ed57080000 - 0x000001ed57083000 	C:\Users\Альбина\.openjfx\cache\19+11\amd64\api-ms-win-crt-conio-l1-1-0.dll
0x000001ed57090000 - 0x000001ed57094000 	C:\Users\Альбина\.openjfx\cache\19+11\amd64\api-ms-win-crt-convert-l1-1-0.dll
0x000001ed570a0000 - 0x000001ed570a3000 	C:\Users\Альбина\.openjfx\cache\19+11\amd64\api-ms-win-crt-environment-l1-1-0.dll
0x000001ed570b0000 - 0x000001ed570b3000 	C:\Users\Альбина\.openjfx\cache\19+11\amd64\api-ms-win-crt-filesystem-l1-1-0.dll
0x000001ed570c0000 - 0x000001ed570c3000 	C:\Users\Альбина\.openjfx\cache\19+11\amd64\api-ms-win-crt-heap-l1-1-0.dll
0x000001ed570d0000 - 0x000001ed570d3000 	C:\Users\Альбина\.openjfx\cache\19+11\amd64\api-ms-win-crt-locale-l1-1-0.dll
0x000001ed570e0000 - 0x000001ed570e5000 	C:\Users\Альбина\.openjfx\cache\19+11\amd64\api-ms-win-crt-math-l1-1-0.dll
0x000001ed570f0000 - 0x000001ed570f5000 	C:\Users\Альбина\.openjfx\cache\19+11\amd64\api-ms-win-crt-multibyte-l1-1-0.dll
0x000001ed57100000 - 0x000001ed57110000 	C:\Users\Альбина\.openjfx\cache\19+11\amd64\api-ms-win-crt-private-l1-1-0.dll
0x000001ed57110000 - 0x000001ed57113000 	C:\Users\Альбина\.openjfx\cache\19+11\amd64\api-ms-win-crt-process-l1-1-0.dll
0x000001ed57120000 - 0x000001ed57124000 	C:\Users\Альбина\.openjfx\cache\19+11\amd64\api-ms-win-crt-runtime-l1-1-0.dll
0x000001ed57130000 - 0x000001ed57134000 	C:\Users\Альбина\.openjfx\cache\19+11\amd64\api-ms-win-crt-stdio-l1-1-0.dll
0x000001ed57140000 - 0x000001ed57144000 	C:\Users\Альбина\.openjfx\cache\19+11\amd64\api-ms-win-crt-string-l1-1-0.dll
0x000001ed57150000 - 0x000001ed57153000 	C:\Users\Альбина\.openjfx\cache\19+11\amd64\api-ms-win-crt-time-l1-1-0.dll
0x000001ed57160000 - 0x000001ed57163000 	C:\Users\Альбина\.openjfx\cache\19+11\amd64\api-ms-win-crt-utility-l1-1-0.dll
0x00007ffd1f190000 - 0x00007ffd1f28c000 	C:\Users\Альбина\.openjfx\cache\19+11\amd64\ucrtbase.dll
0x00007ffd4eb10000 - 0x00007ffd4eb2b000 	C:\Users\Альбина\.openjfx\cache\19+11\amd64\vcruntime140.dll
0x00007ffd59d00000 - 0x00007ffd59d0c000 	C:\Users\Альбина\.openjfx\cache\19+11\amd64\vcruntime140_1.dll
0x00007ffd41620000 - 0x00007ffd416ae000 	C:\Users\Альбина\.openjfx\cache\19+11\amd64\msvcp140.dll
0x00007ffd58020000 - 0x00007ffd58029000 	C:\Users\Альбина\.openjfx\cache\19+11\amd64\msvcp140_1.dll
0x00007ffd47710000 - 0x00007ffd47740000 	C:\Users\Альбина\.openjfx\cache\19+11\amd64\msvcp140_2.dll
0x00007ffd45980000 - 0x00007ffd459ac000 	C:\Users\Альбина\.openjfx\cache\19+11\amd64\prism_d3d.dll
0x00007ffd3cd00000 - 0x00007ffd3ce9d000 	C:\WINDOWS\system32\d3d9.dll
0x00007ffd6e400000 - 0x00007ffd6e42e000 	C:\WINDOWS\SYSTEM32\dwmapi.dll
0x00007ffd70bd0000 - 0x00007ffd70dd4000 	C:\WINDOWS\System32\CRYPT32.dll
0x00007ffd6fb80000 - 0x00007ffd6fb92000 	C:\WINDOWS\System32\MSASN1.dll
0x00007ffd6e0d0000 - 0x00007ffd6e16c000 	C:\WINDOWS\system32\uxtheme.dll
0x00007ffd1c1b0000 - 0x00007ffd1cc1e000 	C:\WINDOWS\SYSTEM32\igdumdim64.dll
0x00007ffd5d9a0000 - 0x00007ffd5de05000 	C:\WINDOWS\SYSTEM32\igdusc64.dll
0x00007ffd415d0000 - 0x00007ffd41612000 	C:\Users\Альбина\.openjfx\cache\19+11\amd64\glass.dll
0x00007ffd71ca0000 - 0x00007ffd71dc6000 	C:\WINDOWS\System32\COMDLG32.dll
0x00007ffd714c0000 - 0x00007ffd71616000 	C:\WINDOWS\System32\ole32.dll
0x00007ffd71b70000 - 0x00007ffd71c34000 	C:\WINDOWS\System32\OLEAUT32.dll
0x00007ffd71620000 - 0x00007ffd7178a000 	C:\WINDOWS\System32\MSCTF.dll
0x00007ffd4d5b0000 - 0x00007ffd4d5c4000 	C:\Users\Альбина\.openjfx\cache\19+11\amd64\javafx_font.dll
0x00007ffd5d190000 - 0x00007ffd5d497000 	C:\WINDOWS\SYSTEM32\dwrite.dll
0x00007ffd71fe0000 - 0x00007ffd72088000 	C:\WINDOWS\System32\clbcatq.dll
0x00007ffd5fd50000 - 0x00007ffd5ff08000 	C:\WINDOWS\SYSTEM32\WindowsCodecs.dll
0x00007ffd5bce0000 - 0x00007ffd5bd36000 	C:\WINDOWS\system32\dataexchange.dll
0x00007ffd6cef0000 - 0x00007ffd6d16e000 	C:\WINDOWS\system32\d3d11.dll
0x00007ffd6d810000 - 0x00007ffd6d9d3000 	C:\WINDOWS\system32\dcomp.dll
0x00007ffd6e840000 - 0x00007ffd6e902000 	C:\WINDOWS\system32\dxgi.dll
0x00007ffd6e1a0000 - 0x00007ffd6e3ac000 	C:\WINDOWS\system32\twinapi.appcore.dll
0x00007ffd6e3b0000 - 0x00007ffd6e3d8000 	C:\WINDOWS\system32\RMCLIENT.dll
0x00007ffd3d980000 - 0x00007ffd3d9b3000 	C:\Program Files\Common Files\Microsoft Shared\Ink\rtscom.dll
0x00007ffd6acf0000 - 0x00007ffd6ad83000 	C:\WINDOWS\System32\TextInputFramework.dll
0x00007ffd6ddf0000 - 0x00007ffd6ded1000 	C:\WINDOWS\System32\CoreMessaging.dll
0x00007ffd6a530000 - 0x00007ffd6a852000 	C:\WINDOWS\System32\CoreUIComponents.dll
0x00007ffd6bf10000 - 0x00007ffd6c061000 	C:\WINDOWS\SYSTEM32\wintypes.dll
0x00007ffd6eb90000 - 0x00007ffd6ebc1000 	C:\WINDOWS\SYSTEM32\ntmarta.dll
0x00007ffd4fbe0000 - 0x00007ffd4fbee000 	C:\Program Files\Java\jdk-19\bin\sunmscapi.dll
0x00007ffd6f620000 - 0x00007ffd6f64c000 	C:\WINDOWS\SYSTEM32\ncrypt.dll
0x00007ffd6f5e0000 - 0x00007ffd6f61c000 	C:\WINDOWS\SYSTEM32\NTASN1.dll
0x00007ffd6eed0000 - 0x00007ffd6ef03000 	C:\WINDOWS\system32\rsaenh.dll

dbghelp: loaded successfully - version: 4.0.5 - missing functions: none
symbol engine: initialized successfully - sym options: 0x614 - pdb path: .;C:\Program Files\Java\jdk-19\bin;C:\WINDOWS\SYSTEM32;C:\WINDOWS\WinSxS\amd64_microsoft.windows.common-controls_6595b64144ccf1df_6.0.17763.5206_none_de6d611a534ecc77;C:\Program Files\Java\jdk-19\bin\server;C:\Users\Альбина\.openjfx\cache\19+11\amd64;C:\Program Files\Common Files\Microsoft Shared\Ink

VM Arguments:
jvm_args: -javaagent:C:\Users\Альбина\AppData\Local\JetBrains\Toolbox\apps\IDEA-C\ch-0\233.11799.300\lib\idea_rt.jar=55585:C:\Users\Альбина\AppData\Local\JetBrains\Toolbox\apps\IDEA-C\ch-0\233.11799.300\bin -Dfile.encoding=UTF-8 -Dsun.stdout.encoding=UTF-8 -Dsun.stderr.encoding=UTF-8 --module-path=C:\Users\Альбина\.m2\repository\org\openjfx\javafx-base\19\javafx-base-19-win.jar;C:\Users\Альбина\.m2\repository\org\openjfx\javafx-base\18\javafx-base-18-win.jar;C:\Users\Альбина\.m2\repository\net\synedra\validatorfx\0.4.0\validatorfx-0.4.0.jar;C:\Users\Альбина\.m2\repository\com\github\almasb\fxgl-core\17.2\fxgl-core-17.2.jar;C:\Users\Альбина\IdeaProjects\TasckPractice\target\classes;C:\Users\Альбина\.m2\repository\org\openjfx\javafx-controls\19\javafx-controls-19-win.jar;C:\Users\Альбина\.m2\repository\org\kordamp\ikonli\ikonli-core\12.3.1\ikonli-core-12.3.1.jar;C:\Users\Альбина\.m2\repository\com\gluonhq\attach\lifecycle\4.0.13\lifecycle-4.0.13.jar;C:\Users\Альбина\.m2\repository\org\openjfx\javafx-web\19\javafx-web-19-win.jar;C:\Users\Альбина\.m2\repository\com\gluonhq\attach\audio\4.0.13\audio-4.0.13.jar;C:\Users\Альбина\.m2\repository\eu\hansolo\tilesfx\17.1.15\tilesfx-17.1.15.jar;C:\Users\Альбина\.m2\repository\com\github\almasb\fxgl-scene\17.2\fxgl-scene-17.2.jar;C:\Users\Альбина\.m2\repository\eu\hansolo\fx\countries\17.0.23\countries-17.0.23.jar;C:\Users\Альбина\.m2\repository\eu\hansolo\fx\heatmap\17.0.12\heatmap-17.0.12.jar;C:\Users\Альбина\.m2\repository\com\dlsc\formsfx\formsfx-core\11.5.0\formsfx-core-11.5.0.jar;C:\Users\Альбина\.m2\repository\org\openjfx\javafx-graphics\19\javafx-graphics-19-win.jar;C:\Users\Альбина\.m2\repository\org\openjfx\javafx-graphics\18\javafx-graphics-18-win.jar;C:\Users\Альбина\.m2\repository\com\github\almasb\fxgl\17.2\fxgl-17.2.jar;C:\Users\Альбина\.m2\repository\org\openjfx\javafx-swing\18\javafx-swing-18-win.jar;C:\Users\Альбина\.m2\repository\com\github\almasb\fxgl-gameplay\17.2\fxgl-gameplay-17.2.jar;C:\Users\Альбина\.m2\repository\com\fasterxml\jackson\core\jackson-databind\2.12.1\jackson-databind-2.12.1.jar;C:\Users\Альбина\.m2\repository\com\github\almasb\fxgl-io\17.2\fxgl-io-17.2.jar;C:\Users\Альбина\.m2\repository\org\jetbrains\kotlin\kotlin-stdlib\1.6.0\kotlin-stdlib-1.6.0-modular.jar;C:\Users\-Djdk.module.main=com.example.tasckpractice 
java_command: com.example.tasckpractice/com.example.tasckpractice.Applicat
java_class_path (initial): C:\Users\Альбина\.m2\repository\org\openjfx\javafx-controls\19\javafx-controls-19.jar;C:\Users\Альбина\.m2\repository\org\openjfx\javafx-graphics\19\javafx-graphics-19.jar;C:\Users\Альбина\.m2\repository\org\openjfx\javafx-base\19\javafx-base-19.jar;C:\Users\Альбина\.m2\repository\org\openjfx\javafx-fxml\19\javafx-fxml-19.jar;C:\Users\Альбина\.m2\repository\org\openjfx\javafx-web\19\javafx-web-19.jar;C:\Users\Альбина\.m2\repository\org\openjfx\javafx-media\19\javafx-media-19.jar;C:\Users\Альбина\.m2\repository\org\jetbrains\annotations\13.0\annotations-13.0.jar;C:\Users\Альбина\.m2\repository\org\jetbrains\kotlin\kotlin-stdlib-common\1.6.0\kotlin-stdlib-common-1.6.0.jar;D:\что то\Прочее\бред\Mysql\mysql-connector-j\mysql-connector-j-8.2.0\mysql-connector-j-8.2.0.jar;C:\Users\Альбина\.m2\repository\org\openjfx\javafx-swing\18\javafx-swing-18.jar;C:\Users\Альбина\.m2\repository\org\openjfx\javafx-graphics\18\javafx-graphics-18.jar;C:\Users\Альбина\.m2\repository\org\openjfx\javafx-base\18\javafx-base-18.jar
Launcher Type: SUN_STANDARD

[Global flags]
     intx CICompilerCount                          = 3                                         {product} {ergonomic}
     uint ConcGCThreads                            = 1                                         {product} {ergonomic}
     uint G1ConcRefinementThreads                  = 4                                         {product} {ergonomic}
   size_t G1HeapRegionSize                         = 1048576                                   {product} {ergonomic}
    uintx GCDrainStackTargetSize                   = 64                                        {product} {ergonomic}
   size_t InitialHeapSize                          = 134217728                                 {product} {ergonomic}
   size_t MarkStackSize                            = 4194304                                   {product} {ergonomic}
   size_t MaxHeapSize                              = 2118123520                                {product} {ergonomic}
   size_t MaxNewSize                               = 1270874112                                {product} {ergonomic}
   size_t MinHeapDeltaBytes                        = 1048576                                   {product} {ergonomic}
   size_t MinHeapSize                              = 8388608                                   {product} {ergonomic}
    uintx NonNMethodCodeHeapSize                   = 5832780                                {pd product} {ergonomic}
    uintx NonProfiledCodeHeapSize                  = 122912730                              {pd product} {ergonomic}
    uintx ProfiledCodeHeapSize                     = 122912730                              {pd product} {ergonomic}
    uintx ReservedCodeCacheSize                    = 251658240                              {pd product} {ergonomic}
     bool SegmentedCodeCache                       = true                                      {product} {ergonomic}
   size_t SoftMaxHeapSize                          = 2118123520                             {manageable} {ergonomic}
     bool UseCompressedClassPointers               = true                           {product lp64_product} {ergonomic}
     bool UseCompressedOops                        = true                           {product lp64_product} {ergonomic}
     bool UseG1GC                                  = true                                      {product} {ergonomic}
     bool UseLargePagesIndividualAllocation        = false                                  {pd product} {ergonomic}

Logging:
Log output configuration:
 #0: stdout all=off uptime,level,tags foldmultilines=false
 #1: stderr all=off uptime,level,tags foldmultilines=false

Environment Variables:
PATH=C:\Program Files\Common Files\Oracle\Java\javapath;C:\WINDOWS\system32;C:\WINDOWS;C:\WINDOWS\System32\Wbem;C:\WINDOWS\System32\WindowsPowerShell\v1.0\;C:\WINDOWS\System32\OpenSSH\;C:\Program Files\Git\cmd;C:\Program Files\MySQL\MySQL Shell 8.0\bin\;C:\Users\Альбина\AppData\Local\Programs\Python\Python311\Scripts\;C:\Users\Альбина\AppData\Local\Programs\Python\Python311\;C:\Users\Альбина\AppData\Local\Microsoft\WindowsApps;C:\Users\Альбина\AppData\Local\GitHubDesktop\bin;C:\Users\Альбина\AppData\Local\Programs\Microsoft VS Code\bin;C:\Users\Альбина\AppData\Local\JetBrains\Toolbox\scripts;
USERNAME=Альбина
OS=Windows_NT
PROCESSOR_IDENTIFIER=Intel64 Family 6 Model 55 Stepping 8, GenuineIntel
TMP=C:\Users\6703~1\AppData\Local\Temp
TEMP=C:\Users\6703~1\AppData\Local\Temp



---------------  S Y S T E M  ---------------

OS:
 Windows 10 , 64 bit Build 17763 (10.0.17763.4974)
OS uptime: 4 days 7:48 hours

CPU: total 4 (initial active 4) (4 cores per cpu, 1 threads per core) family 6 model 55 stepping 8 microcode 0x838, cx8, cmov, fxsr, mmx, 3dnowpref, sse, sse2, sse3, ssse3, sse4.1, sse4.2, popcnt, tsc, tscinvbit, erms, clmul, clflush, rdtscp

Memory: 4k page, system-wide physical 8073M (946M free)
TotalPageFile size 15250M (AvailPageFile size 2694M)
current process WorkingSet (physical memory assigned to process): 128M, peak: 173M
current process commit charge ("private bytes"): 194M, peak: 277M

vm_info: Java HotSpot(TM) 64-Bit Server VM (19.0.2+7-44) for windows-amd64 JRE (19.0.2+7-44), built on 2022-11-30T18:02:09Z by "mach5one" with MS VC++ 17.1 (VS2022)

END.
